<?xml version="1.0" encoding="UTF-8"?>
<!-- Generated by org.testng.reporters.JUnitReportReporter -->
<testsuite hostname="DASEN1" name="com.search.com.tests.SearchTest" tests="1" failures="0" timestamp="23 Jan 2017 00:56:24 GMT" time="28.319" errors="0">
  <testcase name="searchVerification" time="28.319" classname="com.search.com.tests.SearchTest"/>
</testsuite> <!-- com.search.com.tests.SearchTest -->
